1602184561141	geckodriver	INFO	Listening on 127.0.0.1:42311
1602184562214	mozrunner::runner	INFO	Running command: "/usr/bin/firefox" "--marionette" "-foreground" "-no-remote" "-profile" "/tmp/rust_mozprofile9Cjs6J"
console.error: SearchCache: "_readCacheFile: Error reading cache file:" (new Error("", "(unknown module)"))
console.error: Region.jsm: "Error fetching region" (new AbortError("The operation was aborted. ", (void 0), 697))
console.error: Region.jsm: "Failed to fetch region" (new Error("NO_RESULT", "resource://gre/modules/Region.jsm", 351))
1602184601199	Marionette	INFO	Listening on port 33983
1602184602857	Marionette	WARN	TLS certificate errors will be ignored for this session
*** UTM:SVC TimerManager:registerTimer called after profile-before-change notification. Ignoring timer registration for id: telemetry_modules_ping
WARNING: At least one completion condition is taking too long to complete. Conditions: [{"name":"ContentParent: id=7f44b80fe000","state":{"remoteTypePrefix":"prealloc"},"filename":"/build/firefox-Ryrp1v/firefox-81.0+build2/dom/ipc/ContentParent.cpp","lineNumber":3244,"stack":["resource://gre/modules/nsAsyncShutdown.jsm:addBlocker:162"]}] Barrier: profile-before-change
1602184638401	Marionette	INFO	Stopped listening on port 33983
1602184967186	geckodriver	INFO	Listening on 127.0.0.1:60247
1602184967337	mozrunner::runner	INFO	Running command: "/usr/bin/firefox" "--marionette" "-foreground" "-no-remote" "-profile" "/tmp/rust_mozprofilefdzbj4"
console.error: SearchCache: "_readCacheFile: Error reading cache file:" (new Error("", "(unknown module)"))
1602184988021	Marionette	INFO	Listening on port 42093
1602184988156	Marionette	WARN	TLS certificate errors will be ignored for this session
1602185014045	Marionette	INFO	Stopped listening on port 42093
1602185060866	geckodriver	INFO	Listening on 127.0.0.1:35549
1602185061041	mozrunner::runner	INFO	Running command: "/usr/bin/firefox" "--marionette" "-foreground" "-no-remote" "-profile" "/tmp/rust_mozprofileLcm9us"
console.error: SearchCache: "_readCacheFile: Error reading cache file:" (new Error("", "(unknown module)"))
1602185072516	Marionette	INFO	Listening on port 43023
1602185072577	Marionette	WARN	TLS certificate errors will be ignored for this session
console.error: Region.jsm: "Error fetching region" (new AbortError("The operation was aborted. ", (void 0), 697))
console.error: Region.jsm: "Failed to fetch region" (new Error("NO_RESULT", "resource://gre/modules/Region.jsm", 351))
1602185219509	Marionette	INFO	Stopped listening on port 43023
1602185369331	geckodriver	INFO	Listening on 127.0.0.1:59595
1602185369356	mozrunner::runner	INFO	Running command: "/usr/bin/firefox" "--marionette" "-foreground" "-no-remote" "-profile" "/tmp/rust_mozprofileea3HXt"
console.error: SearchCache: "_readCacheFile: Error reading cache file:" (new Error("", "(unknown module)"))
1602185390928	Marionette	INFO	Listening on port 46621
1602185391446	Marionette	WARN	TLS certificate errors will be ignored for this session
JavaScript warning: https://vlibras.gov.br/app2/vlibras-plugin.js, line 81: unreachable code after return statement
JavaScript error: chrome://browser/content/browser-customization.js, line 172: NS_ERROR_NOT_INITIALIZED: 
1602185874025	Marionette	INFO	Stopped listening on port 46621
1602186389638	geckodriver	INFO	Listening on 127.0.0.1:33977
1602186390920	mozrunner::runner	INFO	Running command: "/usr/bin/firefox" "--marionette" "-foreground" "-no-remote" "-profile" "/tmp/rust_mozprofilenUq9BZ"
console.error: SearchCache: "_readCacheFile: Error reading cache file:" (new Error("", "(unknown module)"))
1602186430124	Marionette	INFO	Listening on port 39529
1602186430557	Marionette	WARN	TLS certificate errors will be ignored for this session
JavaScript warning: https://vlibras.gov.br/app2/vlibras-plugin.js, line 81: unreachable code after return statement
console.error: (new Error("SessionFile is closed", "resource:///modules/sessionstore/SessionFile.jsm", 433))
WARNING: At least one completion condition is taking too long to complete. Conditions: [{"name":"ContentParent: id=7fe444f77000","state":{"remoteTypePrefix":"prealloc"},"filename":"/build/firefox-Ryrp1v/firefox-81.0+build2/dom/ipc/ContentParent.cpp","lineNumber":3244,"stack":["resource://gre/modules/nsAsyncShutdown.jsm:addBlocker:162"]}] Barrier: profile-before-change
A content process crashed and MOZ_CRASHREPORTER_SHUTDOWN is set, shutting down
1602186848066	Marionette	INFO	Stopped listening on port 39529
1602187354262	geckodriver	INFO	Listening on 127.0.0.1:34613
1602187355356	mozrunner::runner	INFO	Running command: "/usr/bin/firefox" "--marionette" "-foreground" "-no-remote" "-profile" "/tmp/rust_mozprofileIkzOIG"

###!!! [Child][MessageChannel] Error: (msgtype=0xFFF7,name=<unknown IPC msg name>) Channel error: cannot send/recv


###!!! [Child][MessageChannel] Error: (msgtype=0xFFF7,name=<unknown IPC msg name>) Channel error: cannot send/recv

1602187434467	geckodriver	INFO	Listening on 127.0.0.1:37797
1602187434757	mozrunner::runner	INFO	Running command: "/usr/bin/firefox" "--marionette" "-foreground" "-no-remote" "-profile" "/tmp/rust_mozprofileLbzr5n"
console.error: SearchCache: "_readCacheFile: Error reading cache file:" (new Error("", "(unknown module)"))
1602187469569	Marionette	INFO	Listening on port 46537
1602187470085	Marionette	WARN	TLS certificate errors will be ignored for this session
JavaScript warning: https://vlibras.gov.br/app2/vlibras-plugin.js, line 81: unreachable code after return statement

###!!! [Parent][RunMessage] Error: Channel error: cannot send/recv


###!!! [Parent][RunMessage] Error: Channel error: cannot send/recv


###!!! [Parent][MessageChannel] Error: (msgtype=0x390071,name=PContent::Msg_SuspendInputEventQueue) Channel error: cannot send/recv


###!!! [Parent][MessageChannel] Error: (msgtype=0x39006F,name=PContent::Msg_FlushInputEventQueue) Channel error: cannot send/recv


###!!! [Parent][MessageChannel] Error: (msgtype=0x390070,name=PContent::Msg_ResumeInputEventQueue) Channel error: cannot send/recv


###!!! [Parent][MessageChannel] Error: (msgtype=0x390054,name=PContent::Msg_Shutdown) Channel error: cannot send/recv


###!!! [Parent][RunMessage] Error: Channel error: cannot send/recv

A content process crashed and MOZ_CRASHREPORTER_SHUTDOWN is set, shutting down
console.error: (new Error("SessionFile is closed", "resource:///modules/sessionstore/SessionFile.jsm", 433))
WARNING: At least one completion condition is taking too long to complete. Conditions: [{"name":"RemoteSettingsClient - finish IDB access.","state":["importChanges() in security-state/intermediates"],"filename":"resource://services-settings/Database.jsm","lineNumber":462,"stack":["resource://services-settings/Database.jsm:ensureShutdownBlocker:462","resource://services-settings/Database.jsm:Database:28","resource://services-settings/RemoteSettingsClient.jsm:RemoteSettingsClient/<:282","resource://gre/modules/XPCOMUtils.jsm:get:58","resource://services-settings/Utils.jsm:hasLocalData:102","resource://services-settings/RemoteSettingsClient.jsm:get:353","resource://gre/modules/Blocklist.jsm:_updateMLBF/updatePromise<:1431","resource://gre/modules/Blocklist.jsm:_updateMLBF:1478","resource://gre/modules/Blocklist.jsm:getEntry:1597","resource://gre/modules/Blocklist.jsm:getAddonBlocklistEntry:1892","resource://gre/modules/addons/XPIDatabase.jsm:findBlocklistEntry:574","resource://gre/modules/addons/XPIDatabase.jsm:updateBlocklistState:586","resource://gre/modules/addons/XPIInstall.jsm:loadManifest:706","resource://gre/modules/addons/XPIProvider.jsm:awaitPromise:228","resource://gre/modules/addons/XPIInstall.jsm:syncLoadManifest:752","resource://gre/modules/addons/XPIDatabase.jsm:addMetadata:2810","resource://gre/modules/addons/XPIDatabase.jsm:processFileChanges:3267","resource://gre/modules/addons/XPIProvider.jsm:checkForChanges:2999","resource://gre/modules/addons/XPIProvider.jsm:startup:2457","resource://gre/modules/AddonManager.jsm:callProvider:221","resource://gre/modules/AddonManager.jsm:_startProvider:592","resource://gre/modules/AddonManager.jsm:startup:816","resource://gre/modules/AddonManager.jsm:startup:3471","resource://gre/modules/addonManager.js:observe:87"]},{"name":"ContentParent: id=7fa7ba226000","state":{"remoteTypePrefix":"prealloc"},"filename":"/build/firefox-Ryrp1v/firefox-81.0+build2/dom/ipc/ContentParent.cpp","lineNumber":3244,"stack":["resource://gre/modules/nsAsyncShutdown.jsm:addBlocker:162"]}] Barrier: profile-before-change
A content process crashed and MOZ_CRASHREPORTER_SHUTDOWN is set, shutting down
console.error: services.settings: 
  Message: Error: IndexedDB: security-state/intermediates list() IndexedDB:  execute() The application is shutting down
  Stack:
    IndexedDBError@resource://services-settings/IDBHelpers.jsm:22:15
ShutdownError@resource://services-settings/IDBHelpers.jsm:32:5
executeIDB@resource://services-settings/Database.jsm:344:13
list@resource://services-settings/Database.jsm:36:13
_importChanges@resource://services-settings/RemoteSettingsClient.jsm:922:36
observe@resource://gre/modules/AsyncShutdown.jsm:554:16

console.warn: services.settings: main/messaging-experiments sync interrupted by shutdown
1602189110155	Marionette	INFO	Stopped listening on port 46537
1602191195305	geckodriver	INFO	Listening on 127.0.0.1:51005
1602191197853	mozrunner::runner	INFO	Running command: "/usr/bin/firefox" "--marionette" "-foreground" "-no-remote" "-profile" "/tmp/rust_mozprofilefwidBc"

###!!! [Child][MessageChannel] Error: (msgtype=0xFFF7,name=<unknown IPC msg name>) Channel error: cannot send/recv


###!!! [Child][MessageChannel] Error: (msgtype=0xFFF7,name=<unknown IPC msg name>) Channel error: cannot send/recv

1602191569377	geckodriver	INFO	Listening on 127.0.0.1:38069
1602191570436	mozrunner::runner	INFO	Running command: "/usr/bin/firefox" "--marionette" "-foreground" "-no-remote" "-profile" "/tmp/rust_mozprofilesQVcWE"
console.error: SearchCache: "_readCacheFile: Error reading cache file:" (new Error("", "(unknown module)"))
1602191592224	Marionette	INFO	Listening on port 40981
1602191592591	Marionette	WARN	TLS certificate errors will be ignored for this session
console.error: Region.jsm: "Error fetching region" (new AbortError("The operation was aborted. ", (void 0), 697))
console.error: Region.jsm: "Failed to fetch region" (new Error("NO_RESULT", "resource://gre/modules/Region.jsm", 351))
JavaScript warning: https://vlibras.gov.br/app2/vlibras-plugin.js, line 81: unreachable code after return statement
javaldx: Could not find a Java Runtime Environment!
Please ensure that a JVM and the package libreoffice-java-common
is installed.
If it is already installed then try removing ~/.config/libreoffice/4/user/config/javasettings_Linux_*.xml
Warning: failed to read path from javaldx
1602243793299	geckodriver	INFO	Listening on 127.0.0.1:52565
1602243794258	mozrunner::runner	INFO	Running command: "/usr/bin/firefox" "--marionette" "-foreground" "-no-remote" "-profile" "/tmp/rust_mozprofileKffbl6"
console.error: SearchCache: "_readCacheFile: Error reading cache file:" (new Error("", "(unknown module)"))
1602243807129	Marionette	INFO	Listening on port 38181
1602243807429	Marionette	WARN	TLS certificate errors will be ignored for this session
JavaScript error: https://sistemas.anm.gov.br/Corporativo/htc/behavior.js, line 116: ReferenceError: $ is not defined
JavaScript error: https://sistemas.anm.gov.br/Corporativo/htc/behavior.js, line 116: ReferenceError: $ is not defined
1602245284299	geckodriver	INFO	Listening on 127.0.0.1:47927
1602245285315	mozrunner::runner	INFO	Running command: "/usr/bin/firefox" "--marionette" "-foreground" "-no-remote" "-profile" "/tmp/rust_mozprofileqS5AV4"
JavaScript error: resource://gre/modules/URIFixup.jsm, line 271: NS_ERROR_FAILURE: Should pass a non-null uri
console.error: SearchCache: "_readCacheFile: Error reading cache file:" (new Error("", "(unknown module)"))
1602245326042	Marionette	INFO	Listening on port 46083
1602245326656	Marionette	WARN	TLS certificate errors will be ignored for this session
console.error: Region.jsm: "Error fetching region" (new AbortError("The operation was aborted. ", (void 0), 697))
console.error: Region.jsm: "Failed to fetch region" (new Error("NO_RESULT", "resource://gre/modules/Region.jsm", 351))
JavaScript error: https://sistemas.anm.gov.br/Corporativo/htc/behavior.js, line 116: ReferenceError: $ is not defined
JavaScript error: https://sistemas.anm.gov.br/Corporativo/htc/behavior.js, line 116: ReferenceError: $ is not defined
1602245785518	geckodriver	INFO	Listening on 127.0.0.1:33023
1602245785629	mozrunner::runner	INFO	Running command: "/usr/bin/firefox" "--marionette" "-foreground" "-no-remote" "-profile" "/tmp/rust_mozprofileETjYny"
console.error: SearchCache: "_readCacheFile: Error reading cache file:" (new Error("", "(unknown module)"))
1602245799431	Marionette	INFO	Listening on port 35953
1602245799500	Marionette	WARN	TLS certificate errors will be ignored for this session
JavaScript error: https://sistemas.anm.gov.br/Corporativo/htc/behavior.js, line 116: ReferenceError: $ is not defined
JavaScript error: https://sistemas.anm.gov.br/Corporativo/htc/behavior.js, line 116: ReferenceError: $ is not defined
1602246093136	geckodriver	INFO	Listening on 127.0.0.1:60513
1602246093202	mozrunner::runner	INFO	Running command: "/usr/bin/firefox" "--marionette" "-foreground" "-no-remote" "-profile" "/tmp/rust_mozprofileTo8KRy"
console.error: SearchCache: "_readCacheFile: Error reading cache file:" (new Error("", "(unknown module)"))
1602246105965	Marionette	INFO	Listening on port 34857
1602246106104	Marionette	WARN	TLS certificate errors will be ignored for this session
JavaScript error: https://sistemas.anm.gov.br/Corporativo/htc/behavior.js, line 116: ReferenceError: $ is not defined
JavaScript error: https://sistemas.anm.gov.br/Corporativo/htc/behavior.js, line 116: ReferenceError: $ is not defined
1602246306569	geckodriver	INFO	Listening on 127.0.0.1:48125
1602246307674	mozrunner::runner	INFO	Running command: "/usr/bin/firefox" "--marionette" "-foreground" "-no-remote" "-profile" "/tmp/rust_mozprofileMa3p0v"
console.error: SearchCache: "_readCacheFile: Error reading cache file:" (new Error("", "(unknown module)"))
1602246347517	Marionette	INFO	Listening on port 40657
1602246348984	Marionette	WARN	TLS certificate errors will be ignored for this session
JavaScript error: https://sistemas.anm.gov.br/Corporativo/htc/behavior.js, line 116: ReferenceError: $ is not defined
JavaScript error: https://sistemas.anm.gov.br/Corporativo/htc/behavior.js, line 116: ReferenceError: $ is not defined
1602247326146	Marionette	INFO	Stopped listening on port 40657
1602247888844	geckodriver	INFO	Listening on 127.0.0.1:34539
1602247889905	mozrunner::runner	INFO	Running command: "/usr/bin/firefox" "--marionette" "-foreground" "-no-remote" "-profile" "/tmp/rust_mozprofileG3YY60"

###!!! [Child][MessageChannel] Error: (msgtype=0xFFF7,name=<unknown IPC msg name>) Channel error: cannot send/recv


###!!! [Child][MessageChannel] Error: (msgtype=0xFFF7,name=<unknown IPC msg name>) Channel error: cannot send/recv

1602254673457	geckodriver	INFO	Listening on 127.0.0.1:60439
1602254674474	mozrunner::runner	INFO	Running command: "/usr/bin/firefox" "--marionette" "-foreground" "-no-remote" "-profile" "/tmp/rust_mozprofilef03gy9"
console.error: SearchCache: "_readCacheFile: Error reading cache file:" (new Error("", "(unknown module)"))
console.error: Region.jsm: "Error fetching region" (new AbortError("The operation was aborted. ", (void 0), 697))
console.error: Region.jsm: "Failed to fetch region" (new Error("NO_RESULT", "resource://gre/modules/Region.jsm", 351))
1602254689901	Marionette	INFO	Listening on port 46521
1602254689922	Marionette	WARN	TLS certificate errors will be ignored for this session
JavaScript warning: https://vlibras.gov.br/app2/vlibras-plugin.js, line 81: unreachable code after return statement
1602254888735	geckodriver	INFO	Listening on 127.0.0.1:36735
1602254888750	mozrunner::runner	INFO	Running command: "/usr/bin/firefox" "--marionette" "-foreground" "-no-remote" "-profile" "/tmp/rust_mozprofile2tQj8P"
console.error: SearchCache: "_readCacheFile: Error reading cache file:" (new Error("", "(unknown module)"))
1602254894740	Marionette	INFO	Listening on port 35103
1602254894795	Marionette	WARN	TLS certificate errors will be ignored for this session
JavaScript error: resource://gre/modules/URIFixup.jsm, line 271: NS_ERROR_FAILURE: Should pass a non-null uri
JavaScript warning: https://vlibras.gov.br/app2/vlibras-plugin.js, line 81: unreachable code after return statement

###!!! [Parent][RunMessage] Error: Channel error: cannot send/recv

1602254994054	Marionette	INFO	Stopped listening on port 35103
1602254999769	geckodriver	INFO	Listening on 127.0.0.1:57147
1602255000855	mozrunner::runner	INFO	Running command: "/usr/bin/firefox" "--marionette" "-foreground" "-no-remote" "-profile" "/tmp/rust_mozprofilelEtgA5"
console.error: SearchCache: "_readCacheFile: Error reading cache file:" (new Error("", "(unknown module)"))
1602255017938	Marionette	INFO	Listening on port 37939
1602255018102	Marionette	WARN	TLS certificate errors will be ignored for this session
console.error: Region.jsm: "Error fetching region" (new AbortError("The operation was aborted. ", (void 0), 697))
console.error: Region.jsm: "Failed to fetch region" (new Error("NO_RESULT", "resource://gre/modules/Region.jsm", 351))
JavaScript warning: https://vlibras.gov.br/app2/vlibras-plugin.js, line 81: unreachable code after return statement
1602255051325	Marionette	INFO	Stopped listening on port 37939
1602255321421	geckodriver	INFO	Listening on 127.0.0.1:50165
1602255322797	mozrunner::runner	INFO	Running command: "/usr/bin/firefox" "--marionette" "-foreground" "-no-remote" "-profile" "/tmp/rust_mozprofile10AVXk"
console.error: SearchCache: "_readCacheFile: Error reading cache file:" (new Error("", "(unknown module)"))
1602255340849	Marionette	INFO	Listening on port 44363
1602255341294	Marionette	WARN	TLS certificate errors will be ignored for this session
console.error: Region.jsm: "Error fetching region" (new AbortError("The operation was aborted. ", (void 0), 697))
console.error: Region.jsm: "Failed to fetch region" (new Error("NO_RESULT", "resource://gre/modules/Region.jsm", 351))
JavaScript warning: https://vlibras.gov.br/app2/vlibras-plugin.js, line 81: unreachable code after return statement
1602257961244	geckodriver	INFO	Listening on 127.0.0.1:59109
1602257962172	mozrunner::runner	INFO	Running command: "/usr/bin/firefox" "--marionette" "-foreground" "-no-remote" "-profile" "/tmp/rust_mozprofileZUhn4H"
console.error: SearchCache: "_readCacheFile: Error reading cache file:" (new Error("", "(unknown module)"))
1602257981653	Marionette	INFO	Listening on port 39863
1602257982049	Marionette	WARN	TLS certificate errors will be ignored for this session
JavaScript warning: https://vlibras.gov.br/app2/vlibras-plugin.js, line 81: unreachable code after return statement
1602258061414	Marionette	INFO	Stopped listening on port 39863
1602258064877	Marionette	INFO	Stopped listening on port 44363
1602258080159	Marionette	INFO	Stopped listening on port 46521
1602258094530	geckodriver	INFO	Listening on 127.0.0.1:60585
1602258094765	mozrunner::runner	INFO	Running command: "/usr/bin/firefox" "--marionette" "-foreground" "-no-remote" "-profile" "/tmp/rust_mozprofileHkh239"
console.error: SearchCache: "_readCacheFile: Error reading cache file:" (new Error("", "(unknown module)"))
1602258102657	Marionette	INFO	Listening on port 36749
1602258102706	Marionette	WARN	TLS certificate errors will be ignored for this session
JavaScript warning: https://vlibras.gov.br/app2/vlibras-plugin.js, line 81: unreachable code after return statement
1602258217814	Marionette	INFO	Stopped listening on port 36749
1602258220139	geckodriver	INFO	Listening on 127.0.0.1:51365
1602258220156	mozrunner::runner	INFO	Running command: "/usr/bin/firefox" "--marionette" "-foreground" "-no-remote" "-profile" "/tmp/rust_mozprofile6RhyRc"
console.error: SearchCache: "_readCacheFile: Error reading cache file:" (new Error("", "(unknown module)"))
1602258224945	Marionette	INFO	Listening on port 41807
1602258224992	Marionette	WARN	TLS certificate errors will be ignored for this session
JavaScript warning: https://vlibras.gov.br/app2/vlibras-plugin.js, line 81: unreachable code after return statement
JavaScript error: chrome://browser/content/browser-customization.js, line 172: NS_ERROR_NOT_INITIALIZED: 
1602258265658	Marionette	INFO	Stopped listening on port 41807
1602261789892	geckodriver	INFO	Listening on 127.0.0.1:42071
1602261790907	mozrunner::runner	INFO	Running command: "/usr/bin/firefox" "--marionette" "-foreground" "-no-remote" "-profile" "/tmp/rust_mozprofileqrNIHR"
console.error: SearchCache: "_readCacheFile: Error reading cache file:" (new Error("", "(unknown module)"))
1602261817240	Marionette	INFO	Listening on port 35297
1602261817580	Marionette	WARN	TLS certificate errors will be ignored for this session
JavaScript error: https://sistemas.anm.gov.br/Corporativo/htc/behavior.js, line 116: ReferenceError: $ is not defined
JavaScript error: https://sistemas.anm.gov.br/Corporativo/htc/behavior.js, line 116: ReferenceError: $ is not defined
JavaScript error: https://sistemas.anm.gov.br/Corporativo/htc/behavior.js, line 116: ReferenceError: $ is not defined
JavaScript error: https://sistemas.anm.gov.br/Corporativo/htc/behavior.js, line 116: ReferenceError: $ is not defined
JavaScript error: https://sistemas.anm.gov.br/Corporativo/htc/behavior.js, line 116: ReferenceError: $ is not defined
JavaScript error: https://sistemas.anm.gov.br/Corporativo/htc/behavior.js, line 116: ReferenceError: $ is not defined
JavaScript error: https://sistemas.anm.gov.br/Corporativo/htc/behavior.js, line 116: ReferenceError: $ is not defined
1602261929542	geckodriver	INFO	Listening on 127.0.0.1:54597
1602261930658	mozrunner::runner	INFO	Running command: "/usr/bin/firefox" "--marionette" "-foreground" "-no-remote" "-profile" "/tmp/rust_mozprofilegvWs3F"
console.error: SearchCache: "_readCacheFile: Error reading cache file:" (new Error("", "(unknown module)"))
1602261974199	Marionette	INFO	Listening on port 36933
1602261975062	Marionette	WARN	TLS certificate errors will be ignored for this session
JavaScript error: https://sistemas.anm.gov.br/Corporativo/htc/behavior.js, line 116: ReferenceError: $ is not defined
JavaScript error: https://sistemas.anm.gov.br/Corporativo/htc/behavior.js, line 116: ReferenceError: $ is not defined
JavaScript error: https://sistemas.anm.gov.br/Corporativo/htc/behavior.js, line 116: ReferenceError: $ is not defined
JavaScript error: https://sistemas.anm.gov.br/Corporativo/htc/behavior.js, line 116: ReferenceError: $ is not defined
JavaScript error: https://sistemas.anm.gov.br/Corporativo/htc/behavior.js, line 116: ReferenceError: $ is not defined
JavaScript error: https://sistemas.anm.gov.br/Corporativo/htc/behavior.js, line 116: ReferenceError: $ is not defined
1602262991386	geckodriver	INFO	Listening on 127.0.0.1:43447
1602262992349	mozrunner::runner	INFO	Running command: "/usr/bin/firefox" "--marionette" "-foreground" "-no-remote" "-profile" "/tmp/rust_mozprofileBkvVjM"
console.error: SearchCache: "_readCacheFile: Error reading cache file:" (new Error("", "(unknown module)"))
1602263040448	Marionette	INFO	Listening on port 40235
1602263041353	Marionette	WARN	TLS certificate errors will be ignored for this session
console.error: Region.jsm: "Error fetching region" (new AbortError("The operation was aborted. ", (void 0), 697))
console.error: Region.jsm: "Failed to fetch region" (new Error("NO_RESULT", "resource://gre/modules/Region.jsm", 351))
JavaScript error: https://sistemas.anm.gov.br/Corporativo/htc/behavior.js, line 116: ReferenceError: $ is not defined
1602263125275	Marionette	WARN	TimedPromise timed out after 500 ms: stacktrace:
TimedPromise/<@chrome://marionette/content/sync.js:245:13
TimedPromise@chrome://marionette/content/sync.js:230:10
interaction.flushEventLoop@chrome://marionette/content/interaction.js:416:10
webdriverClickElement@chrome://marionette/content/interaction.js:182:31
JavaScript error: https://sistemas.anm.gov.br/Corporativo/htc/behavior.js, line 116: ReferenceError: $ is not defined
JavaScript error: https://sistemas.anm.gov.br/Corporativo/htc/behavior.js, line 116: ReferenceError: $ is not defined
JavaScript error: https://sistemas.anm.gov.br/Corporativo/htc/behavior.js, line 116: ReferenceError: $ is not defined
JavaScript error: https://sistemas.anm.gov.br/Corporativo/htc/behavior.js, line 116: ReferenceError: $ is not defined
JavaScript error: https://sistemas.anm.gov.br/Corporativo/htc/behavior.js, line 116: ReferenceError: $ is not defined
1602265177768	geckodriver	INFO	Listening on 127.0.0.1:36655
1602265178760	mozrunner::runner	INFO	Running command: "/usr/bin/firefox" "--marionette" "-foreground" "-no-remote" "-profile" "/tmp/rust_mozprofileyxzedF"
console.error: SearchCache: "_readCacheFile: Error reading cache file:" (new Error("", "(unknown module)"))
1602265187776	Marionette	INFO	Listening on port 39593
1602265187820	Marionette	WARN	TLS certificate errors will be ignored for this session
JavaScript error: https://sistemas.anm.gov.br/Corporativo/htc/behavior.js, line 116: ReferenceError: $ is not defined
JavaScript error: https://sistemas.anm.gov.br/Corporativo/htc/behavior.js, line 116: ReferenceError: $ is not defined
JavaScript error: https://sistemas.anm.gov.br/Corporativo/htc/behavior.js, line 116: ReferenceError: $ is not defined
JavaScript error: https://sistemas.anm.gov.br/Corporativo/htc/behavior.js, line 116: ReferenceError: $ is not defined
JavaScript error: https://sistemas.anm.gov.br/Corporativo/htc/behavior.js, line 116: ReferenceError: $ is not defined
JavaScript error: https://sistemas.anm.gov.br/Corporativo/htc/behavior.js, line 116: ReferenceError: $ is not defined
JavaScript error: https://sistemas.anm.gov.br/Corporativo/htc/behavior.js, line 116: ReferenceError: $ is not defined
1602268008189	geckodriver	INFO	Listening on 127.0.0.1:42793
1602268009262	mozrunner::runner	INFO	Running command: "/usr/bin/firefox" "--marionette" "-foreground" "-no-remote" "-profile" "/tmp/rust_mozprofilefobWBx"
console.error: SearchCache: "_readCacheFile: Error reading cache file:" (new Error("", "(unknown module)"))
1602268029715	Marionette	INFO	Listening on port 46449
1602268030776	Marionette	WARN	TLS certificate errors will be ignored for this session
JavaScript error: resource://gre/modules/URIFixup.jsm, line 271: NS_ERROR_FAILURE: Should pass a non-null uri
JavaScript error: https://sistemas.anm.gov.br/Corporativo/htc/behavior.js, line 116: ReferenceError: $ is not defined
1602268529832	geckodriver	INFO	Listening on 127.0.0.1:58671
1602268530815	mozrunner::runner	INFO	Running command: "/usr/bin/firefox" "--marionette" "-foreground" "-no-remote" "-profile" "/tmp/rust_mozprofileL82SXq"
console.error: SearchCache: "_readCacheFile: Error reading cache file:" (new Error("", "(unknown module)"))
1602268552396	Marionette	INFO	Listening on port 34075
1602268552729	Marionette	WARN	TLS certificate errors will be ignored for this session
console.error: Region.jsm: "Error fetching region" (new AbortError("The operation was aborted. ", (void 0), 697))
console.error: Region.jsm: "Failed to fetch region" (new Error("NO_RESULT", "resource://gre/modules/Region.jsm", 351))
JavaScript error: https://sistemas.anm.gov.br/Corporativo/htc/behavior.js, line 116: ReferenceError: $ is not defined
JavaScript error: https://sistemas.anm.gov.br/Corporativo/htc/behavior.js, line 116: ReferenceError: $ is not defined
JavaScript error: https://sistemas.anm.gov.br/Corporativo/htc/behavior.js, line 116: ReferenceError: $ is not defined
JavaScript error: https://sistemas.anm.gov.br/Corporativo/htc/behavior.js, line 116: ReferenceError: $ is not defined
JavaScript error: https://sistemas.anm.gov.br/Corporativo/htc/behavior.js, line 116: ReferenceError: $ is not defined
1602268907600	geckodriver	INFO	Listening on 127.0.0.1:40561
1602268908670	mozrunner::runner	INFO	Running command: "/usr/bin/firefox" "--marionette" "-foreground" "-no-remote" "-profile" "/tmp/rust_mozprofilepKeBa9"
console.error: SearchCache: "_readCacheFile: Error reading cache file:" (new Error("", "(unknown module)"))
1602268941076	Marionette	INFO	Listening on port 40073
1602268941548	Marionette	WARN	TLS certificate errors will be ignored for this session
console.error: Region.jsm: "Error fetching region" (new AbortError("The operation was aborted. ", (void 0), 697))
console.error: Region.jsm: "Failed to fetch region" (new Error("NO_RESULT", "resource://gre/modules/Region.jsm", 351))
JavaScript error: https://sistemas.anm.gov.br/Corporativo/htc/behavior.js, line 116: ReferenceError: $ is not defined
JavaScript error: https://sistemas.anm.gov.br/Corporativo/htc/behavior.js, line 116: ReferenceError: $ is not defined
JavaScript error: https://sistemas.anm.gov.br/Corporativo/htc/behavior.js, line 116: ReferenceError: $ is not defined
JavaScript error: https://sistemas.anm.gov.br/Corporativo/htc/behavior.js, line 116: ReferenceError: $ is not defined
JavaScript error: https://sistemas.anm.gov.br/Corporativo/htc/behavior.js, line 116: ReferenceError: $ is not defined
JavaScript error: https://sistemas.anm.gov.br/Corporativo/htc/behavior.js, line 116: ReferenceError: $ is not defined
JavaScript error: https://sistemas.anm.gov.br/Corporativo/htc/behavior.js, line 116: ReferenceError: $ is not defined
1602270089104	geckodriver	INFO	Listening on 127.0.0.1:59607
1602270089968	mozrunner::runner	INFO	Running command: "/usr/bin/firefox" "--marionette" "-foreground" "-no-remote" "-profile" "/tmp/rust_mozprofileAfkQJs"
console.error: SearchCache: "_readCacheFile: Error reading cache file:" (new Error("", "(unknown module)"))
1602270120140	Marionette	INFO	Listening on port 46659
1602270120167	Marionette	WARN	TLS certificate errors will be ignored for this session
console.error: Region.jsm: "Error fetching region" (new AbortError("The operation was aborted. ", (void 0), 697))
console.error: Region.jsm: "Failed to fetch region" (new Error("NO_RESULT", "resource://gre/modules/Region.jsm", 351))
JavaScript error: https://sistemas.anm.gov.br/Corporativo/htc/behavior.js, line 116: ReferenceError: $ is not defined
1602270228338	geckodriver	INFO	Listening on 127.0.0.1:50727
1602270229405	mozrunner::runner	INFO	Running command: "/usr/bin/firefox" "--marionette" "-foreground" "-no-remote" "-profile" "/tmp/rust_mozprofileYF4JVC"
console.error: SearchCache: "_readCacheFile: Error reading cache file:" (new Error("", "(unknown module)"))
1602270253516	Marionette	INFO	Listening on port 42017
console.error: Region.jsm: "Error fetching region" (new AbortError("The operation was aborted. ", (void 0), 697))
console.error: Region.jsm: "Failed to fetch region" (new Error("NO_RESULT", "resource://gre/modules/Region.jsm", 351))
1602270255541	Marionette	WARN	TLS certificate errors will be ignored for this session
JavaScript error: https://sistemas.anm.gov.br/Corporativo/htc/behavior.js, line 116: ReferenceError: $ is not defined
JavaScript error: https://sistemas.anm.gov.br/Corporativo/htc/behavior.js, line 116: ReferenceError: $ is not defined
JavaScript error: https://sistemas.anm.gov.br/Corporativo/htc/behavior.js, line 116: ReferenceError: $ is not defined
JavaScript error: https://sistemas.anm.gov.br/Corporativo/htc/behavior.js, line 116: ReferenceError: $ is not defined
JavaScript error: https://sistemas.anm.gov.br/Corporativo/htc/behavior.js, line 116: ReferenceError: $ is not defined
JavaScript error: https://sistemas.anm.gov.br/Corporativo/htc/behavior.js, line 116: ReferenceError: $ is not defined
JavaScript error: https://sistemas.anm.gov.br/Corporativo/htc/behavior.js, line 116: ReferenceError: $ is not defined
JavaScript error: chrome://browser/content/browser-customization.js, line 172: NS_ERROR_NOT_INITIALIZED: 
1602271017935	Marionette	INFO	Stopped listening on port 46659
1602271122938	Marionette	INFO	Stopped listening on port 42017
JavaScript error: chrome://browser/content/browser-customization.js, line 172: NS_ERROR_NOT_INITIALIZED: 
1602271177288	Marionette	INFO	Stopped listening on port 34075
1602271179543	Marionette	INFO	Stopped listening on port 40073
Exiting due to channel error.
Exiting due to channel error.
Exiting due to channel error.
Exiting due to channel error.
Exiting due to channel error.
Exiting due to channel error.
1602271222090	geckodriver	INFO	Listening on 127.0.0.1:38269
1602271223104	mozrunner::runner	INFO	Running command: "/usr/bin/firefox" "--marionette" "-foreground" "-no-remote" "-profile" "/tmp/rust_mozprofilehjI9vH"
console.error: SearchCache: "_readCacheFile: Error reading cache file:" (new Error("", "(unknown module)"))
1602271245053	Marionette	INFO	Listening on port 39907
1602271245086	Marionette	WARN	TLS certificate errors will be ignored for this session
console.error: Region.jsm: "Error fetching region" (new AbortError("The operation was aborted. ", (void 0), 697))
console.error: Region.jsm: "Failed to fetch region" (new Error("NO_RESULT", "resource://gre/modules/Region.jsm", 351))
JavaScript error: https://sistemas.anm.gov.br/Corporativo/htc/behavior.js, line 116: ReferenceError: $ is not defined
JavaScript error: https://sistemas.anm.gov.br/Corporativo/htc/behavior.js, line 116: ReferenceError: $ is not defined
JavaScript error: https://sistemas.anm.gov.br/Corporativo/htc/behavior.js, line 116: ReferenceError: $ is not defined
JavaScript error: https://sistemas.anm.gov.br/Corporativo/htc/behavior.js, line 116: ReferenceError: $ is not defined
JavaScript error: https://sistemas.anm.gov.br/Corporativo/htc/behavior.js, line 116: ReferenceError: $ is not defined
JavaScript error: https://sistemas.anm.gov.br/Corporativo/htc/behavior.js, line 116: ReferenceError: $ is not defined
JavaScript error: https://sistemas.anm.gov.br/Corporativo/htc/behavior.js, line 116: ReferenceError: $ is not defined
1602271512638	geckodriver	INFO	Listening on 127.0.0.1:59417
1602271513649	mozrunner::runner	INFO	Running command: "/usr/bin/firefox" "--marionette" "-foreground" "-no-remote" "-profile" "/tmp/rust_mozprofilezqv2aZ"
console.error: SearchCache: "_readCacheFile: Error reading cache file:" (new Error("", "(unknown module)"))
1602271519849	Marionette	INFO	Listening on port 38855
1602271519891	Marionette	WARN	TLS certificate errors will be ignored for this session
JavaScript error: https://sistemas.anm.gov.br/Corporativo/htc/behavior.js, line 116: ReferenceError: $ is not defined
JavaScript error: https://sistemas.anm.gov.br/Corporativo/htc/behavior.js, line 116: ReferenceError: $ is not defined
JavaScript error: https://sistemas.anm.gov.br/Corporativo/htc/behavior.js, line 116: ReferenceError: $ is not defined
JavaScript error: https://sistemas.anm.gov.br/Corporativo/htc/behavior.js, line 116: ReferenceError: $ is not defined
JavaScript error: https://sistemas.anm.gov.br/Corporativo/htc/behavior.js, line 116: ReferenceError: $ is not defined
JavaScript error: https://sistemas.anm.gov.br/Corporativo/htc/behavior.js, line 116: ReferenceError: $ is not defined
JavaScript error: https://sistemas.anm.gov.br/Corporativo/htc/behavior.js, line 116: ReferenceError: $ is not defined
1602271634462	Marionette	INFO	Stopped listening on port 38855
1602271857856	geckodriver	INFO	Listening on 127.0.0.1:51935
1602271858856	mozrunner::runner	INFO	Running command: "/usr/bin/firefox" "--marionette" "-foreground" "-no-remote" "-profile" "/tmp/rust_mozprofileuduOEx"
console.error: SearchCache: "_readCacheFile: Error reading cache file:" (new Error("", "(unknown module)"))
1602271865052	Marionette	INFO	Listening on port 38903
1602271865085	Marionette	WARN	TLS certificate errors will be ignored for this session
console.error: Region.jsm: "Error fetching region" (new AbortError("The operation was aborted. ", (void 0), 697))
console.error: Region.jsm: "Failed to fetch region" (new Error("NO_RESULT", "resource://gre/modules/Region.jsm", 351))
JavaScript error: https://sistemas.anm.gov.br/Corporativo/htc/behavior.js, line 116: ReferenceError: $ is not defined
JavaScript error: https://sistemas.anm.gov.br/Corporativo/htc/behavior.js, line 116: ReferenceError: $ is not defined
JavaScript error: https://sistemas.anm.gov.br/Corporativo/htc/behavior.js, line 116: ReferenceError: $ is not defined
JavaScript error: https://sistemas.anm.gov.br/Corporativo/htc/behavior.js, line 116: ReferenceError: $ is not defined
JavaScript error: https://sistemas.anm.gov.br/Corporativo/htc/behavior.js, line 116: ReferenceError: $ is not defined
JavaScript error: https://sistemas.anm.gov.br/Corporativo/htc/behavior.js, line 116: ReferenceError: $ is not defined
JavaScript error: https://sistemas.anm.gov.br/Corporativo/htc/behavior.js, line 116: ReferenceError: $ is not defined
1602272016737	geckodriver	INFO	Listening on 127.0.0.1:58665
1602272017747	mozrunner::runner	INFO	Running command: "/usr/bin/firefox" "--marionette" "-foreground" "-no-remote" "-profile" "/tmp/rust_mozprofileHjGCZH"
console.error: SearchCache: "_readCacheFile: Error reading cache file:" (new Error("", "(unknown module)"))
1602272023789	Marionette	INFO	Listening on port 38669
1602272023879	Marionette	WARN	TLS certificate errors will be ignored for this session
JavaScript error: resource://gre/modules/URIFixup.jsm, line 271: NS_ERROR_FAILURE: Should pass a non-null uri
console.error: Region.jsm: "Error fetching region" (new AbortError("The operation was aborted. ", (void 0), 697))
console.error: Region.jsm: "Failed to fetch region" (new Error("NO_RESULT", "resource://gre/modules/Region.jsm", 351))
JavaScript error: https://sistemas.anm.gov.br/Corporativo/htc/behavior.js, line 116: ReferenceError: $ is not defined
JavaScript error: https://sistemas.anm.gov.br/Corporativo/htc/behavior.js, line 116: ReferenceError: $ is not defined
JavaScript error: https://sistemas.anm.gov.br/Corporativo/htc/behavior.js, line 116: ReferenceError: $ is not defined
JavaScript error: https://sistemas.anm.gov.br/Corporativo/htc/behavior.js, line 116: ReferenceError: $ is not defined
JavaScript error: https://sistemas.anm.gov.br/Corporativo/htc/behavior.js, line 116: ReferenceError: $ is not defined
JavaScript error: https://sistemas.anm.gov.br/Corporativo/htc/behavior.js, line 116: ReferenceError: $ is not defined
JavaScript error: https://sistemas.anm.gov.br/Corporativo/htc/behavior.js, line 116: ReferenceError: $ is not defined
1602272145634	geckodriver	INFO	Listening on 127.0.0.1:43343
1602272145754	mozrunner::runner	INFO	Running command: "/usr/bin/firefox" "--marionette" "-foreground" "-no-remote" "-profile" "/tmp/rust_mozprofilebnj4JA"
console.error: SearchCache: "_readCacheFile: Error reading cache file:" (new Error("", "(unknown module)"))
1602272166999	Marionette	INFO	Listening on port 43131
1602272167447	Marionette	WARN	TLS certificate errors will be ignored for this session
console.error: Region.jsm: "Error fetching region" (new AbortError("The operation was aborted. ", (void 0), 697))
console.error: Region.jsm: "Failed to fetch region" (new Error("NO_RESULT", "resource://gre/modules/Region.jsm", 351))
JavaScript error: https://sistemas.anm.gov.br/Corporativo/htc/behavior.js, line 116: ReferenceError: $ is not defined
1602272193177	Marionette	WARN	TimedPromise timed out after 500 ms: stacktrace:
TimedPromise/<@chrome://marionette/content/sync.js:245:13
TimedPromise@chrome://marionette/content/sync.js:230:10
interaction.flushEventLoop@chrome://marionette/content/interaction.js:416:10
webdriverClickElement@chrome://marionette/content/interaction.js:182:31
[Parent 10388, Gecko_IOThread] WARNING: FileDescriptorSet destroyed with unconsumed descriptors: file /build/firefox-Ryrp1v/firefox-81.0+build2/ipc/chromium/src/chrome/common/file_descriptor_set_posix.cc, line 19
[Parent 10388, Gecko_IOThread] WARNING: FileDescriptorSet destroyed with unconsumed descriptors: file /build/firefox-Ryrp1v/firefox-81.0+build2/ipc/chromium/src/chrome/common/file_descriptor_set_posix.cc, line 19
[Parent 10388, Gecko_IOThread] WARNING: FileDescriptorSet destroyed with unconsumed descriptors: file /build/firefox-Ryrp1v/firefox-81.0+build2/ipc/chromium/src/chrome/common/file_descriptor_set_posix.cc, line 19
[Parent 10388, Gecko_IOThread] WARNING: FileDescriptorSet destroyed with unconsumed descriptors: file /build/firefox-Ryrp1v/firefox-81.0+build2/ipc/chromium/src/chrome/common/file_descriptor_set_posix.cc, line 19
[Parent 10388, Gecko_IOThread] WARNING: FileDescriptorSet destroyed with unconsumed descriptors: file /build/firefox-Ryrp1v/firefox-81.0+build2/ipc/chromium/src/chrome/common/file_descriptor_set_posix.cc, line 19
[Parent 10388, Gecko_IOThread] WARNING: FileDescriptorSet destroyed with unconsumed descriptors: file /build/firefox-Ryrp1v/firefox-81.0+build2/ipc/chromium/src/chrome/common/file_descriptor_set_posix.cc, line 19
A content process crashed and MOZ_CRASHREPORTER_SHUTDOWN is set, shutting down
*** UTM:SVC TimerManager:registerTimer called after profile-before-change notification. Ignoring timer registration for id: telemetry_modules_ping
console.error: (new Error("SessionFile is closed", "resource:///modules/sessionstore/SessionFile.jsm", 433))
WARNING: At least one completion condition is taking too long to complete. Conditions: [{"name":"ContentParent: id=7f0b49bed000","state":{"remoteTypePrefix":"prealloc"},"filename":"/build/firefox-Ryrp1v/firefox-81.0+build2/dom/ipc/ContentParent.cpp","lineNumber":3244,"stack":["resource://gre/modules/nsAsyncShutdown.jsm:addBlocker:162"]}] Barrier: profile-before-change
1602272221112	Marionette	INFO	Stopped listening on port 43131
1602272238037	Marionette	INFO	Stopped listening on port 38669
1602272243255	Marionette	INFO	Stopped listening on port 38903
1602272247149	Marionette	INFO	Stopped listening on port 39907
1602272401911	geckodriver	INFO	Listening on 127.0.0.1:34465
1602272402815	mozrunner::runner	INFO	Running command: "/usr/bin/firefox" "--marionette" "-foreground" "-no-remote" "-profile" "/tmp/rust_mozprofile0NyVif"
console.error: SearchCache: "_readCacheFile: Error reading cache file:" (new Error("", "(unknown module)"))
1602272419833	Marionette	INFO	Listening on port 36987
1602272419949	Marionette	WARN	TLS certificate errors will be ignored for this session
JavaScript error: https://sistemas.anm.gov.br/Corporativo/htc/behavior.js, line 116: ReferenceError: $ is not defined
JavaScript error: https://sistemas.anm.gov.br/Corporativo/htc/behavior.js, line 116: ReferenceError: $ is not defined
JavaScript error: https://sistemas.anm.gov.br/Corporativo/htc/behavior.js, line 116: ReferenceError: $ is not defined
JavaScript error: https://sistemas.anm.gov.br/Corporativo/htc/behavior.js, line 116: ReferenceError: $ is not defined
JavaScript error: https://sistemas.anm.gov.br/Corporativo/htc/behavior.js, line 116: ReferenceError: $ is not defined
JavaScript error: https://sistemas.anm.gov.br/Corporativo/htc/behavior.js, line 116: ReferenceError: $ is not defined
JavaScript error: https://sistemas.anm.gov.br/Corporativo/htc/behavior.js, line 116: ReferenceError: $ is not defined
1602272920527	geckodriver	INFO	Listening on 127.0.0.1:43599
1602272920537	mozrunner::runner	INFO	Running command: "/usr/bin/firefox" "--marionette" "-foreground" "-no-remote" "-profile" "/tmp/rust_mozprofileXrC1LR"
console.error: SearchCache: "_readCacheFile: Error reading cache file:" (new Error("", "(unknown module)"))
1602272927393	Marionette	INFO	Listening on port 34507
1602272927490	Marionette	WARN	TLS certificate errors will be ignored for this session
JavaScript error: https://sistemas.anm.gov.br/Corporativo/htc/behavior.js, line 116: ReferenceError: $ is not defined
JavaScript error: https://sistemas.anm.gov.br/Corporativo/htc/behavior.js, line 116: ReferenceError: $ is not defined
JavaScript error: https://sistemas.anm.gov.br/Corporativo/htc/behavior.js, line 116: ReferenceError: $ is not defined
JavaScript error: https://sistemas.anm.gov.br/Corporativo/htc/behavior.js, line 116: ReferenceError: $ is not defined
JavaScript error: https://sistemas.anm.gov.br/Corporativo/htc/behavior.js, line 116: ReferenceError: $ is not defined
JavaScript error: https://sistemas.anm.gov.br/Corporativo/htc/behavior.js, line 116: ReferenceError: $ is not defined
JavaScript error: https://sistemas.anm.gov.br/Corporativo/htc/behavior.js, line 116: ReferenceError: $ is not defined
Exiting due to channel error.
Exiting due to channel error.
Exiting due to channel error.
Exiting due to channel error.
[GFX1-]: Receive IPC close with reason=AbnormalShutdown
Exiting due to channel error.
Exiting due to channel error.
1602273209172	geckodriver	INFO	Listening on 127.0.0.1:49867
1602273210182	mozrunner::runner	INFO	Running command: "/usr/bin/firefox" "--marionette" "-foreground" "-no-remote" "-profile" "/tmp/rust_mozprofileoCLAB8"
console.error: SearchCache: "_readCacheFile: Error reading cache file:" (new Error("", "(unknown module)"))
1602273216455	Marionette	INFO	Listening on port 46535
1602273216506	Marionette	WARN	TLS certificate errors will be ignored for this session
console.error: Region.jsm: "Error fetching region" (new AbortError("The operation was aborted. ", (void 0), 697))
console.error: Region.jsm: "Failed to fetch region" (new Error("NO_RESULT", "resource://gre/modules/Region.jsm", 351))
JavaScript error: https://sistemas.anm.gov.br/Corporativo/htc/behavior.js, line 116: ReferenceError: $ is not defined
JavaScript error: https://sistemas.anm.gov.br/Corporativo/htc/behavior.js, line 116: ReferenceError: $ is not defined
JavaScript error: https://sistemas.anm.gov.br/Corporativo/htc/behavior.js, line 116: ReferenceError: $ is not defined
JavaScript error: https://sistemas.anm.gov.br/Corporativo/htc/behavior.js, line 116: ReferenceError: $ is not defined
JavaScript error: https://sistemas.anm.gov.br/Corporativo/htc/behavior.js, line 116: ReferenceError: $ is not defined
JavaScript error: https://sistemas.anm.gov.br/Corporativo/htc/behavior.js, line 116: ReferenceError: $ is not defined
JavaScript error: https://sistemas.anm.gov.br/Corporativo/htc/behavior.js, line 116: ReferenceError: $ is not defined
1602273501623	geckodriver	INFO	Listening on 127.0.0.1:34877
1602273502635	mozrunner::runner	INFO	Running command: "/usr/bin/firefox" "--marionette" "-foreground" "-no-remote" "-profile" "/tmp/rust_mozprofilefd6GIB"
console.error: SearchCache: "_readCacheFile: Error reading cache file:" (new Error("", "(unknown module)"))
1602273509053	Marionette	INFO	Listening on port 36297
1602273509097	Marionette	WARN	TLS certificate errors will be ignored for this session
console.error: Region.jsm: "Error fetching region" (new AbortError("The operation was aborted. ", (void 0), 697))
console.error: Region.jsm: "Failed to fetch region" (new Error("NO_RESULT", "resource://gre/modules/Region.jsm", 351))
JavaScript error: https://sistemas.anm.gov.br/Corporativo/htc/behavior.js, line 116: ReferenceError: $ is not defined
JavaScript error: https://sistemas.anm.gov.br/Corporativo/htc/behavior.js, line 116: ReferenceError: $ is not defined
JavaScript error: https://sistemas.anm.gov.br/Corporativo/htc/behavior.js, line 116: ReferenceError: $ is not defined
JavaScript error: https://sistemas.anm.gov.br/Corporativo/htc/behavior.js, line 116: ReferenceError: $ is not defined
JavaScript error: https://sistemas.anm.gov.br/Corporativo/htc/behavior.js, line 116: ReferenceError: $ is not defined
JavaScript error: https://sistemas.anm.gov.br/Corporativo/htc/behavior.js, line 116: ReferenceError: $ is not defined
JavaScript error: https://sistemas.anm.gov.br/Corporativo/htc/behavior.js, line 116: ReferenceError: $ is not defined
1602273883256	geckodriver	INFO	Listening on 127.0.0.1:35505
1602273883278	mozrunner::runner	INFO	Running command: "/usr/bin/firefox" "--marionette" "-foreground" "-no-remote" "-profile" "/tmp/rust_mozprofileymEL1y"
console.error: SearchCache: "_readCacheFile: Error reading cache file:" (new Error("", "(unknown module)"))
1602273891081	Marionette	INFO	Listening on port 41751
1602273891102	Marionette	WARN	TLS certificate errors will be ignored for this session
JavaScript error: https://sistemas.anm.gov.br/Corporativo/htc/behavior.js, line 116: ReferenceError: $ is not defined
JavaScript error: https://sistemas.anm.gov.br/Corporativo/htc/behavior.js, line 116: ReferenceError: $ is not defined
JavaScript error: https://sistemas.anm.gov.br/Corporativo/htc/behavior.js, line 116: ReferenceError: $ is not defined
JavaScript error: https://sistemas.anm.gov.br/Corporativo/htc/behavior.js, line 116: ReferenceError: $ is not defined
JavaScript error: https://sistemas.anm.gov.br/Corporativo/htc/behavior.js, line 116: ReferenceError: $ is not defined
JavaScript error: https://sistemas.anm.gov.br/Corporativo/htc/behavior.js, line 116: ReferenceError: $ is not defined
JavaScript error: https://sistemas.anm.gov.br/Corporativo/htc/behavior.js, line 116: ReferenceError: $ is not defined
1602274035604	geckodriver	INFO	Listening on 127.0.0.1:50827
1602274036568	mozrunner::runner	INFO	Running command: "/usr/bin/firefox" "--marionette" "-foreground" "-no-remote" "-profile" "/tmp/rust_mozprofileMmGOQh"
console.error: SearchCache: "_readCacheFile: Error reading cache file:" (new Error("", "(unknown module)"))
1602274060081	Marionette	INFO	Listening on port 36189
console.error: Region.jsm: "Error fetching region" (new AbortError("The operation was aborted. ", (void 0), 697))
console.error: Region.jsm: "Failed to fetch region" (new Error("NO_RESULT", "resource://gre/modules/Region.jsm", 351))
1602274061147	Marionette	WARN	TLS certificate errors will be ignored for this session
JavaScript error: https://sistemas.anm.gov.br/Corporativo/htc/behavior.js, line 116: ReferenceError: $ is not defined
JavaScript error: https://sistemas.anm.gov.br/Corporativo/htc/behavior.js, line 116: ReferenceError: $ is not defined
JavaScript error: https://sistemas.anm.gov.br/Corporativo/htc/behavior.js, line 116: ReferenceError: $ is not defined
JavaScript error: https://sistemas.anm.gov.br/Corporativo/htc/behavior.js, line 116: ReferenceError: $ is not defined
JavaScript error: https://sistemas.anm.gov.br/Corporativo/htc/behavior.js, line 116: ReferenceError: $ is not defined
JavaScript error: https://sistemas.anm.gov.br/Corporativo/htc/behavior.js, line 116: ReferenceError: $ is not defined
JavaScript error: https://sistemas.anm.gov.br/Corporativo/htc/behavior.js, line 116: ReferenceError: $ is not defined
1602274205076	geckodriver	INFO	Listening on 127.0.0.1:53377
1602274205949	mozrunner::runner	INFO	Running command: "/usr/bin/firefox" "--marionette" "-foreground" "-no-remote" "-profile" "/tmp/rust_mozprofileyrdf5R"
console.error: SearchCache: "_readCacheFile: Error reading cache file:" (new Error("", "(unknown module)"))
Exiting due to channel error.
Exiting due to channel error.
1602274293969	geckodriver	INFO	Listening on 127.0.0.1:59407
1602274295180	mozrunner::runner	INFO	Running command: "/usr/bin/firefox" "--marionette" "-foreground" "-no-remote" "-profile" "/tmp/rust_mozprofileiWSZpe"
console.error: SearchCache: "_readCacheFile: Error reading cache file:" (new Error("", "(unknown module)"))
1602274343019	Marionette	INFO	Listening on port 37239
1602274343662	Marionette	WARN	TLS certificate errors will be ignored for this session
JavaScript error: https://sistemas.anm.gov.br/Corporativo/htc/behavior.js, line 116: ReferenceError: $ is not defined
JavaScript error: https://sistemas.anm.gov.br/Corporativo/htc/behavior.js, line 116: ReferenceError: $ is not defined
JavaScript error: https://sistemas.anm.gov.br/Corporativo/htc/behavior.js, line 116: ReferenceError: $ is not defined
JavaScript error: https://sistemas.anm.gov.br/Corporativo/htc/behavior.js, line 116: ReferenceError: $ is not defined
JavaScript error: https://sistemas.anm.gov.br/Corporativo/htc/behavior.js, line 116: ReferenceError: $ is not defined
JavaScript error: https://sistemas.anm.gov.br/Corporativo/htc/behavior.js, line 116: ReferenceError: $ is not defined
1602274540010	geckodriver	INFO	Listening on 127.0.0.1:39439
1602274541111	mozrunner::runner	INFO	Running command: "/usr/bin/firefox" "--marionette" "-foreground" "-no-remote" "-profile" "/tmp/rust_mozprofileuh5mdm"
console.error: SearchCache: "_readCacheFile: Error reading cache file:" (new Error("", "(unknown module)"))
1602274587717	Marionette	INFO	Listening on port 44883
console.error: Region.jsm: "Error fetching region" (new AbortError("The operation was aborted. ", (void 0), 697))
console.error: Region.jsm: "Failed to fetch region" (new Error("NO_RESULT", "resource://gre/modules/Region.jsm", 351))
1602274591749	Marionette	WARN	TLS certificate errors will be ignored for this session
JavaScript error: https://sistemas.anm.gov.br/Corporativo/htc/behavior.js, line 116: ReferenceError: $ is not defined
1602274681120	Marionette	WARN	TimedPromise timed out after 500 ms: stacktrace:
TimedPromise/<@chrome://marionette/content/sync.js:245:13
TimedPromise@chrome://marionette/content/sync.js:230:10
interaction.flushEventLoop@chrome://marionette/content/interaction.js:416:10
webdriverClickElement@chrome://marionette/content/interaction.js:182:31
1602275557205	addons.xpi	ERROR	System addon update list error Error: Failed downloading XML, status: 0, reason: timeout
1602278231879	geckodriver	INFO	Listening on 127.0.0.1:43753
1602278232873	mozrunner::runner	INFO	Running command: "/usr/bin/firefox" "--marionette" "-foreground" "-no-remote" "-profile" "/tmp/rust_mozprofile6p9pIn"
console.error: SearchCache: "_readCacheFile: Error reading cache file:" (new Error("", "(unknown module)"))
1602278241101	Marionette	INFO	Listening on port 44339
1602278241161	Marionette	WARN	TLS certificate errors will be ignored for this session
console.error: Region.jsm: "Error fetching region" (new AbortError("The operation was aborted. ", (void 0), 697))
console.error: Region.jsm: "Failed to fetch region" (new Error("NO_RESULT", "resource://gre/modules/Region.jsm", 351))
JavaScript error: https://sistemas.anm.gov.br/Corporativo/htc/behavior.js, line 116: ReferenceError: $ is not defined
JavaScript error: https://sistemas.anm.gov.br/Corporativo/htc/behavior.js, line 116: ReferenceError: $ is not defined
JavaScript error: https://sistemas.anm.gov.br/Corporativo/htc/behavior.js, line 116: ReferenceError: $ is not defined
JavaScript error: https://sistemas.anm.gov.br/Corporativo/htc/behavior.js, line 116: ReferenceError: $ is not defined
JavaScript error: https://sistemas.anm.gov.br/Corporativo/htc/behavior.js, line 116: ReferenceError: $ is not defined
1602279991888	geckodriver	INFO	Listening on 127.0.0.1:47281
1602279992898	mozrunner::runner	INFO	Running command: "/usr/bin/firefox" "--marionette" "-foreground" "-no-remote" "-profile" "/tmp/rust_mozprofileJ36mPm"
console.error: SearchCache: "_readCacheFile: Error reading cache file:" (new Error("", "(unknown module)"))
1602280006473	Marionette	INFO	Listening on port 40051
1602280006599	Marionette	WARN	TLS certificate errors will be ignored for this session
JavaScript error: https://sistemas.anm.gov.br/Corporativo/htc/behavior.js, line 116: ReferenceError: $ is not defined
Gdk-Message: 18:52:15.142: firefox: Fatal IO error 11 (Recurso temporariamente indisponvel) on X server :0.

Gdk-Message: 18:52:15.146: firefox: Fatal IO error 11 (Recurso temporariamente indisponvel) on X server :0.

Exiting due to channel error.
Exiting due to channel error.
Exiting due to channel error.
Exiting due to channel error.
Exiting due to channel error.
Exiting due to channel error.
